#
# There is insufficient memory for the Java Runtime Environment to continue.
# Native memory allocation (mmap) failed to map 335544320 bytes for G1 virtual space
# Possible reasons:
#   The system is out of physical RAM or swap space
#   The process is running with CompressedOops enabled, and the Java Heap may be blocking the growth of the native heap
# Possible solutions:
#   Reduce memory load on the system
#   Increase physical memory or swap space
#   Check if swap backing store is full
#   Decrease Java heap size (-Xmx/-Xms)
#   Decrease number of Java threads
#   Decrease Java thread stack sizes (-Xss)
#   Set larger code cache with -XX:ReservedCodeCacheSize=
#   JVM is running with Zero Based Compressed Oops mode in which the Java heap is
#     placed in the first 32GB address space. The Java Heap base address is the
#     maximum limit for the native heap growth. Please use -XX:HeapBaseMinAddress
#     to set the Java Heap base and to place the Java Heap above 32GB virtual address.
# This output file may be truncated or incomplete.
#
#  Out of Memory Error (os_windows.cpp:3530), pid=3300, tid=19192
#
# JRE version:  (18.0.2.1+1) (build )
# Java VM: Java HotSpot(TM) 64-Bit Server VM (18.0.2.1+1-1, mixed mode, sharing, tiered, compressed oops, compressed class ptrs, g1 gc, windows-amd64)
# No core dump will be written. Minidumps are not enabled by default on client versions of Windows
#

---------------  S U M M A R Y ------------

Command Line: C:\Users\Khai\AppData\Local\Temp\surefire10930943667903156216\surefirebooter-20240722234448734_3.jar C:\Users\Khai\AppData\Local\Temp\surefire10930943667903156216 2024-07-22T23-44-48_492-jvmRun1 surefire-20240722234448734_1tmp surefire_0-20240722234448734_2tmp

Host: Intel(R) Core(TM) i5-8265U CPU @ 1.60GHz, 8 cores, 19G,  Windows 11 , 64 bit Build 22621 (10.0.22621.3430)
Time: Mon Jul 22 23:44:48 2024 SE Asia Standard Time elapsed time: 0.010500 seconds (0d 0h 0m 0s)

---------------  T H R E A D  ---------------

Current thread (0x00000219cc44a1b0):  JavaThread "Unknown thread" [_thread_in_vm, id=19192, stack(0x000000c512d00000,0x000000c512e00000)]

Stack: [0x000000c512d00000,0x000000c512e00000]
Native frames: (J=compiled Java code, j=interpreted, Vv=VM code, C=native code)
V  [jvm.dll+0x6993aa]
V  [jvm.dll+0x7f46dd]
V  [jvm.dll+0x7f5fee]
V  [jvm.dll+0x7f66a3]
V  [jvm.dll+0x25cf1f]
V  [jvm.dll+0x6962f9]
V  [jvm.dll+0x68ae2a]
V  [jvm.dll+0x32255b]
V  [jvm.dll+0x329f36]
V  [jvm.dll+0x37eade]
V  [jvm.dll+0x37ed0f]
V  [jvm.dll+0x2fa2da]
V  [jvm.dll+0x2fb33d]
V  [jvm.dll+0x7c3310]
V  [jvm.dll+0x38be61]
V  [jvm.dll+0x7a2023]
V  [jvm.dll+0x40dc3f]
V  [jvm.dll+0x40f611]
C  [jli.dll+0x526b]
C  [ucrtbase.dll+0x29333]
C  [KERNEL32.DLL+0x1257d]
C  [ntdll.dll+0x5aa48]


---------------  P R O C E S S  ---------------

Threads class SMR info:
_java_thread_list=0x00007fff64fee550, length=0, elements={
}

Java Threads: ( => current thread )

Other Threads:
  0x00000219cc4c7440 WorkerThread "GC Thread#0" [stack: 0x000000c512e00000,0x000000c512f00000] [id=9052]
  0x00000219cc4d2240 ConcurrentGCThread "G1 Main Marker" [stack: 0x000000c512f00000,0x000000c513000000] [id=22504]
  0x00000219cc4d2c30 WorkerThread "G1 Conc#0" [stack: 0x000000c513000000,0x000000c513100000] [id=6712]

[error occurred during error reporting (printing all threads), id 0xc0000005, EXCEPTION_ACCESS_VIOLATION (0xc0000005) at pc=0x00007fff6481a877]

VM state: not at safepoint (not fully initialized)

VM Mutex/Monitor currently owned by a thread:  ([mutex/lock_event])
[0x00000219cc446ea0] Heap_lock - owner thread: 0x00000219cc44a1b0

Heap address: 0x00000006c2400000, size: 5084 MB, Compressed Oops mode: Zero based, Oop shift amount: 3

CDS archive(s) mapped at: [0x0000000000000000-0x0000000000000000-0x0000000000000000), size 0, SharedBaseAddress: 0x0000000800000000, ArchiveRelocationMode: 0.
Narrow klass base: 0x0000000000000000, Narrow klass shift: 0, Narrow klass range: 0x0

GC Precious Log:
 CardTable entry size: 512
 Card Set container configuration: InlinePtr #cards 4 size 8 Array Of Cards #cards 32 size 80 Howl #buckets 8 coarsen threshold 7372 Howl Bitmap #cards 1024 size 144 coarsen threshold 921 Card regions per heap region 1 cards per card region 8192

Heap:
 garbage-first heap   total 0K, used 0K [0x00000006c2400000, 0x0000000800000000)
  region size 4096K, 0 young (0K), 0 survivors (0K)

[error occurred during error reporting (printing heap information), id 0xc0000005, EXCEPTION_ACCESS_VIOLATION (0xc0000005) at pc=0x00007fff64c01839]

GC Heap History (0 events):
No events

Deoptimization events (0 events):
No events

Classes loaded (0 events):
No events

Classes unloaded (0 events):
No events

Classes redefined (0 events):
No events

Internal exceptions (0 events):
No events

VM Operations (0 events):
No events

Events (1 events):
Event: 0.006 Loaded shared library C:\Program Files\Java\jdk-18.0.2.1\bin\java.dll


Dynamic libraries:
0x00007ff637b80000 - 0x00007ff637b90000 	C:\Program Files\Java\jdk-18.0.2.1\bin\java.exe
0x00007ff80b0f0000 - 0x00007ff80b307000 	C:\WINDOWS\SYSTEM32\ntdll.dll
0x00007ff809bb0000 - 0x00007ff809c74000 	C:\WINDOWS\System32\KERNEL32.DLL
0x00007ff808410000 - 0x00007ff8087bb000 	C:\WINDOWS\System32\KERNELBASE.dll
0x00007ff808a50000 - 0x00007ff808b61000 	C:\WINDOWS\System32\ucrtbase.dll
0x00007fffbe440000 - 0x00007fffbe45a000 	C:\Program Files\Java\jdk-18.0.2.1\bin\VCRUNTIME140.dll
0x00007fffbd660000 - 0x00007fffbd678000 	C:\Program Files\Java\jdk-18.0.2.1\bin\jli.dll
0x00007ff80a2b0000 - 0x00007ff80a362000 	C:\WINDOWS\System32\ADVAPI32.dll
0x00007ff80a6a0000 - 0x00007ff80a747000 	C:\WINDOWS\System32\msvcrt.dll
0x00007ff80a200000 - 0x00007ff80a2a8000 	C:\WINDOWS\System32\sechost.dll
0x00007ff8087c0000 - 0x00007ff8087e8000 	C:\WINDOWS\System32\bcrypt.dll
0x00007ff809fa0000 - 0x00007ff80a0b5000 	C:\WINDOWS\System32\RPCRT4.dll
0x00007ff80a370000 - 0x00007ff80a51e000 	C:\WINDOWS\System32\USER32.dll
0x00007ff808c30000 - 0x00007ff808c56000 	C:\WINDOWS\System32\win32u.dll
0x00007fffee890000 - 0x00007fffeeb23000 	C:\WINDOWS\WinSxS\amd64_microsoft.windows.common-controls_6595b64144ccf1df_6.0.22621.3430_none_270fe68173859015\COMCTL32.dll
0x00007ff80a0c0000 - 0x00007ff80a0e9000 	C:\WINDOWS\System32\GDI32.dll
0x00007ff808c60000 - 0x00007ff808d79000 	C:\WINDOWS\System32\gdi32full.dll
0x00007ff808d80000 - 0x00007ff808e1a000 	C:\WINDOWS\System32\msvcp_win.dll
0x00007ffffdac0000 - 0x00007ffffdaca000 	C:\WINDOWS\SYSTEM32\VERSION.dll
0x00007ff80abe0000 - 0x00007ff80ac11000 	C:\WINDOWS\System32\IMM32.DLL
0x00007ffffc5e0000 - 0x00007ffffc5ec000 	C:\Program Files\Java\jdk-18.0.2.1\bin\vcruntime140_1.dll
0x00007fff65460000 - 0x00007fff654ed000 	C:\Program Files\Java\jdk-18.0.2.1\bin\msvcp140.dll
0x00007fff64510000 - 0x00007fff65121000 	C:\Program Files\Java\jdk-18.0.2.1\bin\server\jvm.dll
0x00007ff80a520000 - 0x00007ff80a528000 	C:\WINDOWS\System32\PSAPI.DLL
0x00007ffffd890000 - 0x00007ffffd8c4000 	C:\WINDOWS\SYSTEM32\WINMM.dll
0x00007fffc53a0000 - 0x00007fffc53a9000 	C:\WINDOWS\SYSTEM32\WSOCK32.dll
0x00007ff80a620000 - 0x00007ff80a691000 	C:\WINDOWS\System32\WS2_32.dll
0x00007ff807410000 - 0x00007ff807428000 	C:\WINDOWS\SYSTEM32\kernel.appcore.dll
0x00007fffee130000 - 0x00007fffee13a000 	C:\Program Files\Java\jdk-18.0.2.1\bin\jimage.dll
0x00007ff802c30000 - 0x00007ff802e63000 	C:\WINDOWS\SYSTEM32\DBGHELP.DLL
0x00007ff80ad20000 - 0x00007ff80b0a8000 	C:\WINDOWS\System32\combase.dll
0x00007ff808fd0000 - 0x00007ff8090a7000 	C:\WINDOWS\System32\OLEAUT32.dll
0x00007fffec630000 - 0x00007fffec662000 	C:\WINDOWS\SYSTEM32\dbgcore.DLL
0x00007ff8089d0000 - 0x00007ff808a49000 	C:\WINDOWS\System32\bcryptPrimitives.dll
0x00007fffa8230000 - 0x00007fffa8255000 	C:\Program Files\Java\jdk-18.0.2.1\bin\java.dll

dbghelp: loaded successfully - version: 4.0.5 - missing functions: none
symbol engine: initialized successfully - sym options: 0x614 - pdb path: .;C:\Program Files\Java\jdk-18.0.2.1\bin;C:\WINDOWS\SYSTEM32;C:\WINDOWS\WinSxS\amd64_microsoft.windows.common-controls_6595b64144ccf1df_6.0.22621.3430_none_270fe68173859015;C:\Program Files\Java\jdk-18.0.2.1\bin\server

VM Arguments:
java_command: C:\Users\Khai\AppData\Local\Temp\surefire10930943667903156216\surefirebooter-20240722234448734_3.jar C:\Users\Khai\AppData\Local\Temp\surefire10930943667903156216 2024-07-22T23-44-48_492-jvmRun1 surefire-20240722234448734_1tmp surefire_0-20240722234448734_2tmp
java_class_path (initial): C:\Users\Khai\AppData\Local\Temp\surefire10930943667903156216\surefirebooter-20240722234448734_3.jar
Launcher Type: SUN_STANDARD

[Global flags]
     intx CICompilerCount                          = 4                                         {product} {ergonomic}
     uint ConcGCThreads                            = 2                                         {product} {ergonomic}
     uint G1ConcRefinementThreads                  = 8                                         {product} {ergonomic}
   size_t G1HeapRegionSize                         = 4194304                                   {product} {ergonomic}
    uintx GCDrainStackTargetSize                   = 64                                        {product} {ergonomic}
   size_t InitialHeapSize                          = 335544320                                 {product} {ergonomic}
   size_t MarkStackSize                            = 4194304                                   {product} {ergonomic}
   size_t MaxHeapSize                              = 5330960384                                {product} {ergonomic}
   size_t MinHeapDeltaBytes                        = 4194304                                   {product} {ergonomic}
   size_t MinHeapSize                              = 8388608                                   {product} {ergonomic}
    uintx NonNMethodCodeHeapSize                   = 5839372                                {pd product} {ergonomic}
    uintx NonProfiledCodeHeapSize                  = 122909434                              {pd product} {ergonomic}
    uintx ProfiledCodeHeapSize                     = 122909434                              {pd product} {ergonomic}
    uintx ReservedCodeCacheSize                    = 251658240                              {pd product} {ergonomic}
     bool SegmentedCodeCache                       = true                                      {product} {ergonomic}
   size_t SoftMaxHeapSize                          = 5330960384                             {manageable} {ergonomic}
     bool UseCompressedClassPointers               = true                           {product lp64_product} {ergonomic}
     bool UseCompressedOops                        = true                           {product lp64_product} {ergonomic}
     bool UseG1GC                                  = true                                      {product} {ergonomic}
     bool UseLargePagesIndividualAllocation        = false                                  {pd product} {ergonomic}

Logging:
Log output configuration:
 #0: stdout all=warning uptime,level,tags foldmultilines=false
 #1: stderr all=off uptime,level,tags foldmultilines=false

Environment Variables:
JAVA_HOME=C:\Program Files\Java\jdk-18.0.2.1
PATH=C:\Program Files\Common Files\Oracle\Java\javapath;C:\Program Files (x86)\Common Files\Intel\Shared Libraries\redist\intel64\compiler;C:\ProgramData\Oracle\Java\javapath;C:\Windows\system32;C:\Windows;C:\Windows\System32\Wbem;C:\Windows\System32\WindowsPowerShell\v1.0\;C:\Windows\System32\OpenSSH\;C:\Program Files\Intel\WiFi\bin\;C:\Program Files\Common Files\Intel\WirelessCommon\;C:\WINDOWS\system32;C:\WINDOWS;C:\WINDOWS\System32\Wbem;C:\WINDOWS\System32\WindowsPowerShell\v1.0\;C:\WINDOWS\System32\OpenSSH\;C:\Program Files\dotnet\;C:\Program Files\Microsoft SQL Server\Client SDK\ODBC\110\Tools\Binn\;C:\Program Files (x86)\Microsoft SQL Server\120\Tools\Binn\;C:\Program Files\Microsoft SQL Server\120\Tools\Binn\;C:\Program Files\Microsoft SQL Server\120\DTS\Binn\;C:\Program Files\Microsoft SQL Server\Client SDK\ODBC\130\Tools\Binn\;C:\Program Files (x86)\Microsoft SQL Server\130\Tools\Binn\;C:\Program Files\Microsoft SQL Server\130\Tools\Binn\;C:\Program Files\Microsoft SQL Server\130\DTS\Binn\;C:\Program Files\Microsoft SQL Server\Client SDK\ODBC\170\Tools\Binn\;C:\Program Files (x86)\Microsoft SQL Server\150\Tools\Binn\;C:\Program Files\Microsoft SQL Server\150\Tools\Binn\;C:\Program Files\Microsoft SQL Server\150\DTS\Binn\;C:\Program Files\nodejs\;C:\Program Files (x86)\NVIDIA Corporation\PhysX\Common;C:\Program Files\NVIDIA Corporation\NVIDIA NvDLISR;C:\Program Files (x86)\Microsoft SQL Server\160\DTS\Binn\;C:\Program Files (x86)\Windows Kits\10\Windows Performance Toolkit\;C:\ProgramData\chocolatey\bin;C:\Program Files\MySQL\MySQL Server 8.0\bin;C:\Program Files\WinMerge;C:\xampp\php;C:\ProgramData\ComposerSetup\bin;C:\msys64\ucrt64\bin;C:\Program Files\Cloudflare\Cloudflare WARP\;C:\Program Files\Git\cmd;C:\Program Files\Maven\apache-maven-3.9.8\bin;C:\zig-windows-x86_64-0.14.0-dev.244+0d79aa017;C:\Program Files\Docker\Docker\resources\bin;C:\Program Files\Java\jdk-18.0.2.1\bin;C:\Users\Khai\.console-ninja\.bin;C:\Users\Khai\AppData\Local\Programs\Python\Python39\Scripts\;C:\Users\Khai\AppData\Local\Programs\Python\Python39\;C:\Users\Khai\AppData\Local\Programs\Python\Python312\Scripts\;C:\Users\Khai\AppData\Local\Programs\Python\Python312\;C:\Program Files\MySQL\MySQL Shell 8.0\bin\;C:\Users\Khai\AppData\Local\Programs\Python\Python310\Scripts\;C:\Users\Khai\AppData\Local\Programs\Python\Python310\;C:\Users\Khai\AppData\Local\Microsoft\WindowsApps;C:\Users\Khai\AppData\Local\Programs\Microsoft VS Code\bin;C:\Program Files\Azure Data Studio\bin;C:\Users\Khai\.dotnet\tools;C:\Program Files\heroku\bin;C:\Users\Khai\.dotnet\tools;C:\Users\Khai\AppData\Roaming\npm;C:\Program Files\Azure Data Studio\bin;C:\flutter\bin;C:\Users\Khai\AppData\Local\Pub\Cache\bin;C:\tools\dart-sdk\bin;C:\Program Files\JetBrains\IntelliJ IDEA 2024.1.2\bin;;C:\Users\Khai\AppData\Roaming\Composer\vendor\bin;C:\msys64\ucrt64\bin;C:\Program Files\Maven\apache-maven-3.9.8\bin;C:\zig-windows-x86_64-0.14.0-dev.244+0d79aa017;C:\Program Files\Java\jdk-17\bin;
USERNAME=Khai
OS=Windows_NT
PROCESSOR_IDENTIFIER=Intel64 Family 6 Model 142 Stepping 12, GenuineIntel



---------------  S Y S T E M  ---------------

OS:
 Windows 11 , 64 bit Build 22621 (10.0.22621.3430)
OS uptime: 4 days 0:02 hours
Hyper-V role detected

CPU: total 8 (initial active 8) (4 cores per cpu, 2 threads per core) family 6 model 142 stepping 12 microcode 0xde, cx8, cmov, fxsr, ht, mmx, 3dnowpref, sse, sse2, sse3, ssse3, sse4.1, sse4.2, popcnt, lzcnt, tsc, tscinvbit, avx, avx2, aes, erms, clmul, bmi1, bmi2, adx, fma, vzeroupper, clflush, clflushopt, hv

Memory: 4k page, system-wide physical 20331M (4199M free)
TotalPageFile size 36331M (AvailPageFile size 209M)
current process WorkingSet (physical memory assigned to process): 11M, peak: 11M
current process commit charge ("private bytes"): 60M, peak: 380M

vm_info: Java HotSpot(TM) 64-Bit Server VM (18.0.2.1+1-1) for windows-amd64 JRE (18.0.2.1+1-1), built on Aug 16 2022 01:46:33 by "mach5one" with MS VC++ 16.8 / 16.9 (VS2019)

END.
